<?xml version="1.0" encoding="UTF-8"?>
<coverage generated="1766708356305" clover="3.2.0">
  <project timestamp="1766708356305" name="All files">
    <metrics statements="94" coveredstatements="87" conditionals="26" coveredconditionals="23" methods="13" coveredmethods="12" elements="133" coveredelements="122" complexity="0" loc="94" ncloc="94" packages="1" files="3" classes="3"/>
    <file name="event.controller.js" path="C:\Users\krist\Contacts\Documents\GitHub\Kultuuriklubi\backend\controllers\event.controller.js">
      <metrics statements="25" coveredstatements="22" conditionals="4" coveredconditionals="4" methods="4" coveredmethods="4"/>
      <line num="1" count="1" type="stmt"/>
      <line num="4" count="1" type="stmt"/>
      <line num="5" count="2" type="stmt"/>
      <line num="6" count="2" type="stmt"/>
      <line num="9" count="2" type="cond" truecount="2" falsecount="0"/>
      <line num="10" count="1" type="stmt"/>
      <line num="14" count="1" type="stmt"/>
      <line num="23" count="1" type="stmt"/>
      <line num="24" count="1" type="stmt"/>
      <line num="26" count="0" type="stmt"/>
      <line num="32" count="1" type="stmt"/>
      <line num="33" count="1" type="stmt"/>
      <line num="34" count="1" type="stmt"/>
      <line num="37" count="1" type="stmt"/>
      <line num="38" count="1" type="stmt"/>
      <line num="44" count="0" type="stmt"/>
      <line num="46" count="1" type="stmt"/>
      <line num="51" count="1" type="stmt"/>
      <line num="52" count="2" type="stmt"/>
      <line num="53" count="2" type="stmt"/>
      <line num="55" count="2" type="stmt"/>
      <line num="57" count="2" type="cond" truecount="2" falsecount="0"/>
      <line num="58" count="1" type="stmt"/>
      <line num="61" count="1" type="stmt"/>
      <line num="63" count="0" type="stmt"/>
    </file>
    <file name="gallery.controller.js" path="C:\Users\krist\Contacts\Documents\GitHub\Kultuuriklubi\backend\controllers\gallery.controller.js">
      <metrics statements="36" coveredstatements="32" conditionals="8" coveredconditionals="8" methods="5" coveredmethods="5"/>
      <line num="1" count="1" type="stmt"/>
      <line num="4" count="1" type="stmt"/>
      <line num="5" count="2" type="stmt"/>
      <line num="6" count="2" type="stmt"/>
      <line num="9" count="2" type="cond" truecount="2" falsecount="0"/>
      <line num="10" count="1" type="stmt"/>
      <line num="14" count="1" type="stmt"/>
      <line num="20" count="1" type="stmt"/>
      <line num="22" count="1" type="stmt"/>
      <line num="32" count="0" type="stmt"/>
      <line num="37" count="1" type="stmt"/>
      <line num="38" count="1" type="stmt"/>
      <line num="39" count="1" type="cond" truecount="2" falsecount="0"/>
      <line num="41" count="1" type="stmt"/>
      <line num="42" count="1" type="stmt"/>
      <line num="43" count="1" type="stmt"/>
      <line num="45" count="1" type="stmt"/>
      <line num="53" count="2" type="stmt"/>
      <line num="58" count="1" type="stmt"/>
      <line num="60" count="0" type="stmt"/>
      <line num="64" count="1" type="stmt"/>
      <line num="65" count="2" type="stmt"/>
      <line num="66" count="2" type="stmt"/>
      <line num="70" count="2" type="cond" truecount="2" falsecount="0"/>
      <line num="72" count="1" type="stmt"/>
      <line num="73" count="1" type="stmt"/>
      <line num="74" count="1" type="stmt"/>
      <line num="76" count="0" type="stmt"/>
      <line num="80" count="1" type="stmt"/>
      <line num="81" count="2" type="stmt"/>
      <line num="82" count="2" type="stmt"/>
      <line num="84" count="2" type="stmt"/>
      <line num="86" count="2" type="cond" truecount="2" falsecount="0"/>
      <line num="87" count="1" type="stmt"/>
      <line num="90" count="1" type="stmt"/>
      <line num="92" count="0" type="stmt"/>
    </file>
    <file name="user.controller.js" path="C:\Users\krist\Contacts\Documents\GitHub\Kultuuriklubi\backend\controllers\user.controller.js">
      <metrics statements="33" coveredstatements="33" conditionals="14" coveredconditionals="11" methods="4" coveredmethods="3"/>
      <line num="1" count="1" type="stmt"/>
      <line num="2" count="1" type="stmt"/>
      <line num="3" count="1" type="stmt"/>
      <line num="5" count="1" type="stmt"/>
      <line num="6" count="1" type="stmt"/>
      <line num="9" count="1" type="stmt"/>
      <line num="10" count="3" type="stmt"/>
      <line num="12" count="3" type="stmt"/>
      <line num="14" count="3" type="stmt"/>
      <line num="17" count="3" type="cond" truecount="2" falsecount="0"/>
      <line num="18" count="1" type="stmt"/>
      <line num="21" count="2" type="stmt"/>
      <line num="22" count="2" type="cond" truecount="1" falsecount="1"/>
      <line num="25" count="2" type="stmt"/>
      <line num="26" count="2" type="cond" truecount="1" falsecount="1"/>
      <line num="29" count="2" type="stmt"/>
      <line num="36" count="2" type="stmt"/>
      <line num="37" count="2" type="cond" truecount="2" falsecount="0"/>
      <line num="40" count="1" type="stmt"/>
      <line num="44" count="1" type="stmt"/>
      <line num="50" count="1" type="stmt"/>
      <line num="52" count="3" type="stmt"/>
      <line num="54" count="3" type="stmt"/>
      <line num="56" count="3" type="stmt"/>
      <line num="60" count="3" type="cond" truecount="2" falsecount="0"/>
      <line num="62" count="2" type="stmt"/>
      <line num="63" count="2" type="cond" truecount="2" falsecount="0"/>
      <line num="65" count="1" type="stmt"/>
      <line num="72" count="1" type="stmt"/>
      <line num="74" count="1" type="cond" truecount="1" falsecount="1"/>
      <line num="76" count="1" type="stmt"/>
      <line num="82" count="2" type="stmt"/>
      <line num="88" count="1" type="stmt"/>
    </file>
  </project>
</coverage>
