{"C:\\Users\\krist\\Contacts\\Documents\\GitHub\\Kultuuriklubi\\backend\\controllers\\event.controller.js": {"path":"C:\\Users\\krist\\Contacts\\Documents\\GitHub\\Kultuuriklubi\\backend\\controllers\\event.controller.js","statementMap":{"0":{"start":{"line":1,"column":14},"end":{"line":1,"column":46}},"1":{"start":{"line":4,"column":0},"end":{"line":28,"column":2}},"2":{"start":{"line":5,"column":2},"end":{"line":27,"column":3}},"3":{"start":{"line":6,"column":46},"end":{"line":6,"column":54}},"4":{"start":{"line":9,"column":4},"end":{"line":11,"column":5}},"5":{"start":{"line":10,"column":6},"end":{"line":10,"column":75}},"6":{"start":{"line":14,"column":21},"end":{"line":21,"column":6}},"7":{"start":{"line":23,"column":4},"end":{"line":23,"column":26}},"8":{"start":{"line":24,"column":4},"end":{"line":24,"column":86}},"9":{"start":{"line":26,"column":4},"end":{"line":26,"column":49}},"10":{"start":{"line":32,"column":0},"end":{"line":48,"column":2}},"11":{"start":{"line":33,"column":2},"end":{"line":47,"column":3}},"12":{"start":{"line":34,"column":19},"end":{"line":34,"column":37}},"13":{"start":{"line":37,"column":29},"end":{"line":42,"column":6}},"14":{"start":{"line":38,"column":6},"end":{"line":41,"column":8}},"15":{"start":{"line":44,"column":4},"end":{"line":44,"column":43}},"16":{"start":{"line":46,"column":4},"end":{"line":46,"column":49}},"17":{"start":{"line":51,"column":0},"end":{"line":65,"column":4}},"18":{"start":{"line":52,"column":4},"end":{"line":64,"column":5}},"19":{"start":{"line":53,"column":21},"end":{"line":53,"column":31}},"20":{"start":{"line":55,"column":27},"end":{"line":55,"column":60}},"21":{"start":{"line":57,"column":6},"end":{"line":59,"column":7}},"22":{"start":{"line":58,"column":8},"end":{"line":58,"column":66}},"23":{"start":{"line":61,"column":6},"end":{"line":61,"column":71}},"24":{"start":{"line":63,"column":6},"end":{"line":63,"column":51}}},"fnMap":{"0":{"name":"(anonymous_0)","decl":{"start":{"line":4,"column":22},"end":{"line":4,"column":23}},"loc":{"start":{"line":4,"column":42},"end":{"line":28,"column":1}},"line":4},"1":{"name":"(anonymous_1)","decl":{"start":{"line":32,"column":20},"end":{"line":32,"column":21}},"loc":{"start":{"line":32,"column":40},"end":{"line":48,"column":1}},"line":32},"2":{"name":"(anonymous_2)","decl":{"start":{"line":37,"column":40},"end":{"line":37,"column":41}},"loc":{"start":{"line":37,"column":51},"end":{"line":42,"column":5}},"line":37},"3":{"name":"(anonymous_3)","decl":{"start":{"line":51,"column":22},"end":{"line":51,"column":23}},"loc":{"start":{"line":51,"column":42},"end":{"line":65,"column":3}},"line":51}},"branchMap":{"0":{"loc":{"start":{"line":9,"column":4},"end":{"line":11,"column":5}},"type":"if","locations":[{"start":{"line":9,"column":4},"end":{"line":11,"column":5}},{"start":{},"end":{}}],"line":9},"1":{"loc":{"start":{"line":57,"column":6},"end":{"line":59,"column":7}},"type":"if","locations":[{"start":{"line":57,"column":6},"end":{"line":59,"column":7}},{"start":{},"end":{}}],"line":57}},"s":{"0":1,"1":1,"2":2,"3":2,"4":2,"5":1,"6":1,"7":1,"8":1,"9":0,"10":1,"11":1,"12":1,"13":1,"14":1,"15":0,"16":1,"17":1,"18":2,"19":2,"20":2,"21":2,"22":1,"23":1,"24":0},"f":{"0":2,"1":1,"2":1,"3":2},"b":{"0":[1,1],"1":[1,1]},"_coverageSchema":"1a1c01bbd47fc00a2c39e90264f33305004495a9","hash":"a86388ca761ff007031387ca9d061e87baba8738"}
,"C:\\Users\\krist\\Contacts\\Documents\\GitHub\\Kultuuriklubi\\backend\\controllers\\gallery.controller.js": {"path":"C:\\Users\\krist\\Contacts\\Documents\\GitHub\\Kultuuriklubi\\backend\\controllers\\gallery.controller.js","statementMap":{"0":{"start":{"line":1,"column":16},"end":{"line":1,"column":50}},"1":{"start":{"line":4,"column":0},"end":{"line":34,"column":2}},"2":{"start":{"line":5,"column":4},"end":{"line":33,"column":3}},"3":{"start":{"line":6,"column":23},"end":{"line":6,"column":31}},"4":{"start":{"line":9,"column":6},"end":{"line":11,"column":7}},"5":{"start":{"line":10,"column":8},"end":{"line":10,"column":71}},"6":{"start":{"line":14,"column":28},"end":{"line":18,"column":8}},"7":{"start":{"line":20,"column":6},"end":{"line":20,"column":33}},"8":{"start":{"line":22,"column":4},"end":{"line":30,"column":7}},"9":{"start":{"line":32,"column":4},"end":{"line":32,"column":49}},"10":{"start":{"line":37,"column":0},"end":{"line":62,"column":2}},"11":{"start":{"line":38,"column":2},"end":{"line":61,"column":3}},"12":{"start":{"line":39,"column":37},"end":{"line":39,"column":46}},"13":{"start":{"line":41,"column":20},"end":{"line":41,"column":32}},"14":{"start":{"line":42,"column":21},"end":{"line":42,"column":34}},"15":{"start":{"line":43,"column":17},"end":{"line":43,"column":41}},"16":{"start":{"line":45,"column":27},"end":{"line":51,"column":6}},"17":{"start":{"line":53,"column":19},"end":{"line":56,"column":7}},"18":{"start":{"line":53,"column":39},"end":{"line":56,"column":5}},"19":{"start":{"line":58,"column":4},"end":{"line":58,"column":83}},"20":{"start":{"line":60,"column":4},"end":{"line":60,"column":49}},"21":{"start":{"line":64,"column":0},"end":{"line":78,"column":2}},"22":{"start":{"line":65,"column":2},"end":{"line":77,"column":3}},"23":{"start":{"line":66,"column":16},"end":{"line":68,"column":5}},"24":{"start":{"line":70,"column":4},"end":{"line":70,"column":55}},"25":{"start":{"line":70,"column":14},"end":{"line":70,"column":55}},"26":{"start":{"line":72,"column":4},"end":{"line":72,"column":52}},"27":{"start":{"line":73,"column":4},"end":{"line":73,"column":53}},"28":{"start":{"line":74,"column":4},"end":{"line":74,"column":40}},"29":{"start":{"line":76,"column":4},"end":{"line":76,"column":49}},"30":{"start":{"line":80,"column":0},"end":{"line":94,"column":4}},"31":{"start":{"line":81,"column":4},"end":{"line":93,"column":5}},"32":{"start":{"line":82,"column":21},"end":{"line":82,"column":31}},"33":{"start":{"line":84,"column":32},"end":{"line":84,"column":67}},"34":{"start":{"line":86,"column":6},"end":{"line":88,"column":7}},"35":{"start":{"line":87,"column":8},"end":{"line":87,"column":68}},"36":{"start":{"line":90,"column":6},"end":{"line":90,"column":73}},"37":{"start":{"line":92,"column":6},"end":{"line":92,"column":51}}},"fnMap":{"0":{"name":"(anonymous_0)","decl":{"start":{"line":4,"column":27},"end":{"line":4,"column":28}},"loc":{"start":{"line":4,"column":47},"end":{"line":34,"column":1}},"line":4},"1":{"name":"(anonymous_1)","decl":{"start":{"line":37,"column":25},"end":{"line":37,"column":26}},"loc":{"start":{"line":37,"column":45},"end":{"line":62,"column":1}},"line":37},"2":{"name":"(anonymous_2)","decl":{"start":{"line":53,"column":29},"end":{"line":53,"column":30}},"loc":{"start":{"line":53,"column":39},"end":{"line":56,"column":5}},"line":53},"3":{"name":"(anonymous_3)","decl":{"start":{"line":64,"column":29},"end":{"line":64,"column":30}},"loc":{"start":{"line":64,"column":49},"end":{"line":78,"column":1}},"line":64},"4":{"name":"(anonymous_4)","decl":{"start":{"line":80,"column":27},"end":{"line":80,"column":28}},"loc":{"start":{"line":80,"column":47},"end":{"line":94,"column":3}},"line":80}},"branchMap":{"0":{"loc":{"start":{"line":9,"column":6},"end":{"line":11,"column":7}},"type":"if","locations":[{"start":{"line":9,"column":6},"end":{"line":11,"column":7}},{"start":{},"end":{}}],"line":9},"1":{"loc":{"start":{"line":39,"column":12},"end":{"line":39,"column":20}},"type":"default-arg","locations":[{"start":{"line":39,"column":19},"end":{"line":39,"column":20}}],"line":39},"2":{"loc":{"start":{"line":39,"column":22},"end":{"line":39,"column":32}},"type":"default-arg","locations":[{"start":{"line":39,"column":30},"end":{"line":39,"column":32}}],"line":39},"3":{"loc":{"start":{"line":70,"column":4},"end":{"line":70,"column":55}},"type":"if","locations":[{"start":{"line":70,"column":4},"end":{"line":70,"column":55}},{"start":{},"end":{}}],"line":70},"4":{"loc":{"start":{"line":86,"column":6},"end":{"line":88,"column":7}},"type":"if","locations":[{"start":{"line":86,"column":6},"end":{"line":88,"column":7}},{"start":{},"end":{}}],"line":86}},"s":{"0":1,"1":1,"2":2,"3":2,"4":2,"5":1,"6":1,"7":1,"8":1,"9":0,"10":1,"11":1,"12":1,"13":1,"14":1,"15":1,"16":1,"17":1,"18":2,"19":1,"20":0,"21":1,"22":2,"23":2,"24":2,"25":1,"26":1,"27":1,"28":1,"29":0,"30":1,"31":2,"32":2,"33":2,"34":2,"35":1,"36":1,"37":0},"f":{"0":2,"1":1,"2":2,"3":2,"4":2},"b":{"0":[1,1],"1":[1],"2":[1],"3":[1,1],"4":[1,1]},"_coverageSchema":"1a1c01bbd47fc00a2c39e90264f33305004495a9","hash":"d6a42f2cb55aca228f05db20673944a9215f98a9"}
,"C:\\Users\\krist\\Contacts\\Documents\\GitHub\\Kultuuriklubi\\backend\\controllers\\user.controller.js": {"path":"C:\\Users\\krist\\Contacts\\Documents\\GitHub\\Kultuuriklubi\\backend\\controllers\\user.controller.js","statementMap":{"0":{"start":{"line":1,"column":13},"end":{"line":1,"column":44}},"1":{"start":{"line":2,"column":12},"end":{"line":2,"column":35}},"2":{"start":{"line":3,"column":15},"end":{"line":3,"column":32}},"3":{"start":{"line":5,"column":20},"end":{"line":7,"column":1}},"4":{"start":{"line":6,"column":2},"end":{"line":6,"column":73}},"5":{"start":{"line":9,"column":0},"end":{"line":48,"column":2}},"6":{"start":{"line":10,"column":36},"end":{"line":10,"column":44}},"7":{"start":{"line":12,"column":2},"end":{"line":47,"column":3}},"8":{"start":{"line":14,"column":17},"end":{"line":16,"column":6}},"9":{"start":{"line":17,"column":4},"end":{"line":19,"column":5}},"10":{"start":{"line":18,"column":6},"end":{"line":18,"column":97}},"11":{"start":{"line":21,"column":17},"end":{"line":21,"column":41}},"12":{"start":{"line":22,"column":4},"end":{"line":22,"column":55}},"13":{"start":{"line":22,"column":15},"end":{"line":22,"column":55}},"14":{"start":{"line":25,"column":17},"end":{"line":25,"column":50}},"15":{"start":{"line":26,"column":4},"end":{"line":26,"column":59}},"16":{"start":{"line":26,"column":15},"end":{"line":26,"column":59}},"17":{"start":{"line":29,"column":20},"end":{"line":33,"column":6}},"18":{"start":{"line":36,"column":22},"end":{"line":36,"column":42}},"19":{"start":{"line":37,"column":4},"end":{"line":37,"column":53}},"20":{"start":{"line":37,"column":20},"end":{"line":37,"column":53}},"21":{"start":{"line":40,"column":4},"end":{"line":42,"column":7}},"22":{"start":{"line":44,"column":4},"end":{"line":46,"column":7}},"23":{"start":{"line":50,"column":0},"end":{"line":86,"column":2}},"24":{"start":{"line":52,"column":36},"end":{"line":52,"column":44}},"25":{"start":{"line":54,"column":2},"end":{"line":85,"column":3}},"26":{"start":{"line":56,"column":17},"end":{"line":58,"column":6}},"27":{"start":{"line":60,"column":4},"end":{"line":60,"column":67}},"28":{"start":{"line":60,"column":15},"end":{"line":60,"column":67}},"29":{"start":{"line":62,"column":20},"end":{"line":62,"column":65}},"30":{"start":{"line":63,"column":4},"end":{"line":63,"column":57}},"31":{"start":{"line":63,"column":18},"end":{"line":63,"column":57}},"32":{"start":{"line":65,"column":25},"end":{"line":70,"column":5}},"33":{"start":{"line":72,"column":18},"end":{"line":72,"column":39}},"34":{"start":{"line":74,"column":4},"end":{"line":74,"column":47}},"35":{"start":{"line":74,"column":16},"end":{"line":74,"column":47}},"36":{"start":{"line":76,"column":4},"end":{"line":79,"column":7}},"37":{"start":{"line":82,"column":4},"end":{"line":84,"column":7}},"38":{"start":{"line":88,"column":0},"end":{"line":88,"column":43}}},"fnMap":{"0":{"name":"(anonymous_0)","decl":{"start":{"line":5,"column":20},"end":{"line":5,"column":21}},"loc":{"start":{"line":5,"column":29},"end":{"line":7,"column":1}},"line":5},"1":{"name":"(anonymous_1)","decl":{"start":{"line":9,"column":17},"end":{"line":9,"column":18}},"loc":{"start":{"line":9,"column":37},"end":{"line":48,"column":1}},"line":9},"2":{"name":"(anonymous_2)","decl":{"start":{"line":50,"column":16},"end":{"line":50,"column":17}},"loc":{"start":{"line":50,"column":36},"end":{"line":86,"column":1}},"line":50},"3":{"name":"(anonymous_3)","decl":{"start":{"line":88,"column":20},"end":{"line":88,"column":21}},"loc":{"start":{"line":88,"column":40},"end":{"line":88,"column":42}},"line":88}},"branchMap":{"0":{"loc":{"start":{"line":17,"column":4},"end":{"line":19,"column":5}},"type":"if","locations":[{"start":{"line":17,"column":4},"end":{"line":19,"column":5}},{"start":{},"end":{}}],"line":17},"1":{"loc":{"start":{"line":22,"column":4},"end":{"line":22,"column":55}},"type":"if","locations":[{"start":{"line":22,"column":4},"end":{"line":22,"column":55}},{"start":{},"end":{}}],"line":22},"2":{"loc":{"start":{"line":26,"column":4},"end":{"line":26,"column":59}},"type":"if","locations":[{"start":{"line":26,"column":4},"end":{"line":26,"column":59}},{"start":{},"end":{}}],"line":26},"3":{"loc":{"start":{"line":37,"column":4},"end":{"line":37,"column":53}},"type":"if","locations":[{"start":{"line":37,"column":4},"end":{"line":37,"column":53}},{"start":{},"end":{}}],"line":37},"4":{"loc":{"start":{"line":60,"column":4},"end":{"line":60,"column":67}},"type":"if","locations":[{"start":{"line":60,"column":4},"end":{"line":60,"column":67}},{"start":{},"end":{}}],"line":60},"5":{"loc":{"start":{"line":63,"column":4},"end":{"line":63,"column":57}},"type":"if","locations":[{"start":{"line":63,"column":4},"end":{"line":63,"column":57}},{"start":{},"end":{}}],"line":63},"6":{"loc":{"start":{"line":74,"column":4},"end":{"line":74,"column":47}},"type":"if","locations":[{"start":{"line":74,"column":4},"end":{"line":74,"column":47}},{"start":{},"end":{}}],"line":74}},"s":{"0":1,"1":1,"2":1,"3":1,"4":1,"5":1,"6":3,"7":3,"8":3,"9":3,"10":1,"11":2,"12":2,"13":0,"14":2,"15":2,"16":0,"17":2,"18":2,"19":2,"20":1,"21":1,"22":1,"23":1,"24":3,"25":3,"26":3,"27":3,"28":1,"29":2,"30":2,"31":1,"32":1,"33":1,"34":1,"35":0,"36":1,"37":2,"38":1},"f":{"0":1,"1":3,"2":3,"3":0},"b":{"0":[1,2],"1":[0,2],"2":[0,2],"3":[1,1],"4":[1,2],"5":[1,1],"6":[0,1]},"_coverageSchema":"1a1c01bbd47fc00a2c39e90264f33305004495a9","hash":"c9430a1381f74a5f2c74764544d80dbdfed708b6"}
}
