TN:
SF:controllers\event.controller.js
FN:4,(anonymous_0)
FN:32,(anonymous_1)
FN:37,(anonymous_2)
FN:51,(anonymous_3)
FNF:4
FNH:4
FNDA:2,(anonymous_0)
FNDA:1,(anonymous_1)
FNDA:1,(anonymous_2)
FNDA:2,(anonymous_3)
DA:1,1
DA:4,1
DA:5,2
DA:6,2
DA:9,2
DA:10,1
DA:14,1
DA:23,1
DA:24,1
DA:26,0
DA:32,1
DA:33,1
DA:34,1
DA:37,1
DA:38,1
DA:44,0
DA:46,1
DA:51,1
DA:52,2
DA:53,2
DA:55,2
DA:57,2
DA:58,1
DA:61,1
DA:63,0
LF:25
LH:22
BRDA:9,0,0,1
BRDA:9,0,1,1
BRDA:57,1,0,1
BRDA:57,1,1,1
BRF:4
BRH:4
end_of_record
TN:
SF:controllers\gallery.controller.js
FN:4,(anonymous_0)
FN:37,(anonymous_1)
FN:53,(anonymous_2)
FN:64,(anonymous_3)
FN:80,(anonymous_4)
FNF:5
FNH:5
FNDA:2,(anonymous_0)
FNDA:1,(anonymous_1)
FNDA:2,(anonymous_2)
FNDA:2,(anonymous_3)
FNDA:2,(anonymous_4)
DA:1,1
DA:4,1
DA:5,2
DA:6,2
DA:9,2
DA:10,1
DA:14,1
DA:20,1
DA:22,1
DA:32,0
DA:37,1
DA:38,1
DA:39,1
DA:41,1
DA:42,1
DA:43,1
DA:45,1
DA:53,2
DA:58,1
DA:60,0
DA:64,1
DA:65,2
DA:66,2
DA:70,2
DA:72,1
DA:73,1
DA:74,1
DA:76,0
DA:80,1
DA:81,2
DA:82,2
DA:84,2
DA:86,2
DA:87,1
DA:90,1
DA:92,0
LF:36
LH:32
BRDA:9,0,0,1
BRDA:9,0,1,1
BRDA:39,1,0,1
BRDA:39,2,0,1
BRDA:70,3,0,1
BRDA:70,3,1,1
BRDA:86,4,0,1
BRDA:86,4,1,1
BRF:8
BRH:8
end_of_record
TN:
SF:controllers\user.controller.js
FN:5,(anonymous_0)
FN:9,(anonymous_1)
FN:50,(anonymous_2)
FN:88,(anonymous_3)
FNF:4
FNH:3
FNDA:1,(anonymous_0)
FNDA:3,(anonymous_1)
FNDA:3,(anonymous_2)
FNDA:0,(anonymous_3)
DA:1,1
DA:2,1
DA:3,1
DA:5,1
DA:6,1
DA:9,1
DA:10,3
DA:12,3
DA:14,3
DA:17,3
DA:18,1
DA:21,2
DA:22,2
DA:25,2
DA:26,2
DA:29,2
DA:36,2
DA:37,2
DA:40,1
DA:44,1
DA:50,1
DA:52,3
DA:54,3
DA:56,3
DA:60,3
DA:62,2
DA:63,2
DA:65,1
DA:72,1
DA:74,1
DA:76,1
DA:82,2
DA:88,1
LF:33
LH:33
BRDA:17,0,0,1
BRDA:17,0,1,2
BRDA:22,1,0,0
BRDA:22,1,1,2
BRDA:26,2,0,0
BRDA:26,2,1,2
BRDA:37,3,0,1
BRDA:37,3,1,1
BRDA:60,4,0,1
BRDA:60,4,1,2
BRDA:63,5,0,1
BRDA:63,5,1,1
BRDA:74,6,0,0
BRDA:74,6,1,1
BRF:14
BRH:11
end_of_record
